{
  "0 debug pnpm:scope": {
    "selected": 1,
    "workspacePrefix": "D:\\code\\mini-vue3"
  },
  "1 debug pnpm:package-manifest": {
    "initial": {
      "name": "mini-vue3",
      "version": "1.0.0",
      "private": true,
      "description": "",
      "main": "index.js",
      "scripts": {
        "test": "echo \"Error: no test specified\" && exit 1"
      },
      "keywords": [],
      "author": "",
      "license": "ISC",
      "dependencies": {
        "vue": "^3.2.31"
      }
    },
    "prefix": "D:\\code\\mini-vue3"
  },
  "2 debug pnpm:context": {
    "currentLockfileExists": false,
    "storeDir": "D:\\.pnpm-store\\v3",
    "virtualStoreDir": "D:\\code\\mini-vue3\\node_modules\\.pnpm"
  },
  "3 debug pnpm:stage": {
    "prefix": "D:\\code\\mini-vue3",
    "stage": "resolution_started"
  },
  "4 debug pnpm:_dependency_resolved": {
    "resolution": "registry.npmjs.org/vue/3.2.31",
    "wanted": {
      "dependentId": ".",
      "name": "vue",
      "rawSpec": "^3.2.31"
    }
  },
  "5 debug pnpm:progress": {
    "packageId": "registry.npmjs.org/vue/3.2.31",
    "requester": "D:\\code\\mini-vue3",
    "status": "found_in_store"
  },
  "6 debug pnpm:progress": {
    "packageId": "registry.npmjs.org/vue/3.2.31",
    "requester": "D:\\code\\mini-vue3",
    "status": "resolved"
  },
  "7 debug pnpm:_dependency_resolved": {
    "resolution": "registry.npmjs.org/json/11.0.0",
    "wanted": {
      "dependentId": ".",
      "name": "json",
      "rawSpec": "latest"
    }
  },
  "8 debug pnpm:progress": {
    "packageId": "registry.npmjs.org/json/11.0.0",
    "requester": "D:\\code\\mini-vue3",
    "status": "resolved"
  },
  "9 error pnpm": {
    "code": "ERR_PNPM_FETCH_404",
    "hint": "@rollup/plugin is not in the npm registry, or you have no permission to fetch it.\n\nNo authorization header was set for the request.",
    "request": {
      "url": "https://registry.npmjs.org/@rollup%2Fplugin"
    },
    "response": {
      "size": 0
    },
    "pkgName": "@rollup/plugin",
    "pkgsStack": [],
    "err": {
      "name": "pnpm",
      "message": "GET https://registry.npmjs.org/@rollup%2Fplugin: Not Found - 404",
      "code": "ERR_PNPM_FETCH_404",
      "stack": "pnpm: GET https://registry.npmjs.org/@rollup%2Fplugin: Not Found - 404\n    at RetryOperation._fn (C:\\Users\\admin\\AppData\\Roaming\\npm\\node_modules\\pnpm\\dist\\pnpm.cjs:85779:19)\n    at processTicksAndRejections (node:internal/process/task_queues:96:5)"
    }
  }
}